[0.806s] Invoking command in '/mnt/shared/weedy_ros/src/camera_package': PYTHONPATH=/mnt/shared/weedy_ros/build/camera_package/prefix_override:/usr/lib/python3/dist-packages/colcon_core/task/python/colcon_distutils_commands:/mnt/shared/weedy_ros/install/camera_package/lib/python3.12/site-packages:${PYTHONPATH} /usr/bin/python3 -W ignore:setup.py install is deprecated setup.py egg_info --egg-base ../../build/camera_package build --build-base /mnt/shared/weedy_ros/build/camera_package/build install --record /mnt/shared/weedy_ros/build/camera_package/install.log --single-version-externally-managed install_data
[1.044s] running egg_info
[1.045s] creating ../../build/camera_package/camera_package.egg-info
[1.058s] writing ../../build/camera_package/camera_package.egg-info/PKG-INFO
[1.058s] writing dependency_links to ../../build/camera_package/camera_package.egg-info/dependency_links.txt
[1.058s] writing entry points to ../../build/camera_package/camera_package.egg-info/entry_points.txt
[1.059s] writing requirements to ../../build/camera_package/camera_package.egg-info/requires.txt
[1.059s] writing top-level names to ../../build/camera_package/camera_package.egg-info/top_level.txt
[1.059s] writing manifest file '../../build/camera_package/camera_package.egg-info/SOURCES.txt'
[1.086s] reading manifest file '../../build/camera_package/camera_package.egg-info/SOURCES.txt'
[1.087s] writing manifest file '../../build/camera_package/camera_package.egg-info/SOURCES.txt'
[1.088s] running build
[1.088s] running build_py
[1.088s] creating /mnt/shared/weedy_ros/build/camera_package/build
[1.088s] creating /mnt/shared/weedy_ros/build/camera_package/build/lib
[1.088s] creating /mnt/shared/weedy_ros/build/camera_package/build/lib/camera_package
[1.088s] copying camera_package/__init__.py -> /mnt/shared/weedy_ros/build/camera_package/build/lib/camera_package
[1.088s] copying camera_package/subscriber_node.py -> /mnt/shared/weedy_ros/build/camera_package/build/lib/camera_package
[1.088s] copying camera_package/publisher_node.py -> /mnt/shared/weedy_ros/build/camera_package/build/lib/camera_package
[1.088s] running install
[1.096s] running install_lib
[1.110s] creating /mnt/shared/weedy_ros/install/camera_package/lib/python3.12/site-packages/camera_package
[1.110s] copying /mnt/shared/weedy_ros/build/camera_package/build/lib/camera_package/__init__.py -> /mnt/shared/weedy_ros/install/camera_package/lib/python3.12/site-packages/camera_package
[1.110s] copying /mnt/shared/weedy_ros/build/camera_package/build/lib/camera_package/subscriber_node.py -> /mnt/shared/weedy_ros/install/camera_package/lib/python3.12/site-packages/camera_package
[1.110s] copying /mnt/shared/weedy_ros/build/camera_package/build/lib/camera_package/publisher_node.py -> /mnt/shared/weedy_ros/install/camera_package/lib/python3.12/site-packages/camera_package
[1.111s] byte-compiling /mnt/shared/weedy_ros/install/camera_package/lib/python3.12/site-packages/camera_package/__init__.py to __init__.cpython-312.pyc
[1.111s] byte-compiling /mnt/shared/weedy_ros/install/camera_package/lib/python3.12/site-packages/camera_package/subscriber_node.py to subscriber_node.cpython-312.pyc
[1.111s] byte-compiling /mnt/shared/weedy_ros/install/camera_package/lib/python3.12/site-packages/camera_package/publisher_node.py to publisher_node.cpython-312.pyc
[1.112s] running install_data
[1.112s] creating /mnt/shared/weedy_ros/install/camera_package/share/ament_index
[1.112s] creating /mnt/shared/weedy_ros/install/camera_package/share/ament_index/resource_index
[1.112s] creating /mnt/shared/weedy_ros/install/camera_package/share/ament_index/resource_index/packages
[1.112s] copying resource/camera_package -> /mnt/shared/weedy_ros/install/camera_package/share/ament_index/resource_index/packages
[1.112s] copying package.xml -> /mnt/shared/weedy_ros/install/camera_package/share/camera_package
[1.113s] running install_egg_info
[1.128s] Copying ../../build/camera_package/camera_package.egg-info to /mnt/shared/weedy_ros/install/camera_package/lib/python3.12/site-packages/camera_package-0.0.0-py3.12.egg-info
[1.129s] running install_scripts
[1.242s] Installing publisher_node script to /mnt/shared/weedy_ros/install/camera_package/lib/camera_package
[1.242s] Installing subscriber_node script to /mnt/shared/weedy_ros/install/camera_package/lib/camera_package
[1.242s] writing list of installed files to '/mnt/shared/weedy_ros/build/camera_package/install.log'
[1.312s] Invoked command in '/mnt/shared/weedy_ros/src/camera_package' returned '0': PYTHONPATH=/mnt/shared/weedy_ros/build/camera_package/prefix_override:/usr/lib/python3/dist-packages/colcon_core/task/python/colcon_distutils_commands:/mnt/shared/weedy_ros/install/camera_package/lib/python3.12/site-packages:${PYTHONPATH} /usr/bin/python3 -W ignore:setup.py install is deprecated setup.py egg_info --egg-base ../../build/camera_package build --build-base /mnt/shared/weedy_ros/build/camera_package/build install --record /mnt/shared/weedy_ros/build/camera_package/install.log --single-version-externally-managed install_data
